<?xml version="1.0" encoding="UTF-8"?>
<!-- Generated by org.testng.reporters.JUnitReportReporter -->
<testsuite name="Academy.HomePage" tests="1" time="19.164" ignored="0" failures="0" timestamp="29 Jun 2020 16:04:53 GMT" skipped="0" hostname="LIN17001712" errors="0">
  <testcase name="basePageNavigation" time="19.164" classname="Academy.HomePage"/>
</testsuite> <!-- Academy.HomePage -->
