<?xml version="1.0" encoding="UTF-8"?>
<!-- Generated by org.testng.reporters.JUnitReportReporter -->
<testsuite name="Academy.ProductDetailsPage" tests="1" time="25.193" ignored="0" failures="0" timestamp="29 Jun 2020 15:45:19 GMT" skipped="0" hostname="LIN17001712" errors="0">
  <testcase name="ProductDetailsPages" time="25.193" classname="Academy.ProductDetailsPage"/>
</testsuite> <!-- Academy.ProductDetailsPage -->
