<?xml version="1.0" encoding="UTF-8"?>
<!-- Generated by org.testng.reporters.JUnitReportReporter -->
<testsuite name="Academy.OnMouseHover" tests="1" time="8.484" ignored="0" failures="0" timestamp="28 Jun 2020 16:04:38 GMT" skipped="0" hostname="LIN17001712" errors="0">
  <testcase name="MouseHover" time="8.484" classname="Academy.OnMouseHover"/>
</testsuite> <!-- Academy.OnMouseHover -->
