<?xml version="1.0" encoding="UTF-8"?>
<!-- Generated by org.testng.reporters.JUnitReportReporter -->
<testsuite name="Academy.DeviceTesting" tests="1" time="9.152" ignored="0" failures="0" timestamp="29 Jun 2020 16:13:05 GMT" skipped="0" hostname="LIN17001712" errors="0">
  <testcase name="Device" time="9.152" classname="Academy.DeviceTesting"/>
</testsuite> <!-- Academy.DeviceTesting -->
